🔍 开始加载配置...
[dotenv@17.2.3] injecting env (0) from .env -- tip: 🔐 encrypt with Dotenvx: https://dotenvx.com
✅ 配置加载成功，完整内容: {
  "server": {
    "port": 3000,
    "name": "【沈阳战旗】数孪智运无人物流SaaS平台 API"
  },
  "session": {
    "secret": "wuliu-2026-secret-key",
    "cookie": {
      "secure": false,
      "httpOnly": true,
      "maxAge": 86400000,
      "signed": true,
      "path": "/",
      "name": "connect.sid"
    }
  },
  "security": {
    "rateLimit": {
      "windowMs": 900000,
      "max": 500
    },
    "cors": {
      "origin": true,
      "credentials": true
    }
  },
  "openapi": {
    "definition": "./openapi.yaml",
    "strict": true,
    "validate": true
  },
  "debug": false
}
✅ 中间件模块加载成功
✅ 数据库模块加载成功
🚀 开始初始化数据库...
🔗 首次初始化数据库连接: C:\Users\Administrator\Desktop\wuliu_project\backend\data\mydatabase.db
(node:12784) Warning: Accessing non-existent property 'getDb' of module exports inside circular dependency
(Use `node --trace-warnings ...` to show where the warning was created)
🔨 开始初始化数据库表结构...
✅ 数据库连接成功!
✅ 外键约束已启用
✅ 表 users 已初始化
✅ 表 tenants 已初始化
✅ 表 customers 已初始化
✅ 表 customer_applications 已初始化
✅ 表 orders 已初始化
✅ 表 platform_pricing_rules 已初始化
✅ 表 tenant_vehicles 已初始化
✅ 表 carrier_pricing_configs 已初始化
✅ 表 user_sessions 已初始化
✅ 表 quotes 已初始化
✅ 表 organizations 已初始化
✅ 表 vehicle_models 已初始化
🎉 数据库表结构初始化完成
✅ 数据库初始化完成
✅ 数据库初始化完成
unknown format "email" ignored in schema at path "#/properties/requestBody/properties/email"
unknown format "email" ignored in schema at path "#/properties/requestBody/properties/email"
unknown format "date-time" ignored in schema at path "#/properties/requestBody/properties/created_at"
unknown format "date-time" ignored in schema at path "#/properties/requestBody/properties/created_at"
unknown format "date-time" ignored in schema at path "#/properties/requestBody/properties/updated_at"
unknown format "date-time" ignored in schema at path "#/properties/requestBody/properties/updated_at"
unknown format "date-time" ignored in schema at path "#/properties/requestBody/properties/created_at"
unknown format "date-time" ignored in schema at path "#/properties/requestBody/properties/created_at"
unknown format "date-time" ignored in schema at path "#/properties/requestBody/properties/updated_at"
unknown format "date-time" ignored in schema at path "#/properties/requestBody/properties/updated_at"
unknown format "date-time" ignored in schema at path "#/properties/requestBody/properties/created_at"
unknown format "date-time" ignored in schema at path "#/properties/requestBody/properties/created_at"
unknown format "date-time" ignored in schema at path "#/properties/requestBody/properties/updated_at"
unknown format "date-time" ignored in schema at path "#/properties/requestBody/properties/updated_at"
unknown format "date-time" ignored in schema at path "#/properties/requestBody/properties/created_at"
unknown format "date-time" ignored in schema at path "#/properties/requestBody/properties/created_at"
unknown format "date-time" ignored in schema at path "#/properties/requestBody/properties/updated_at"
unknown format "date-time" ignored in schema at path "#/properties/requestBody/properties/updated_at"
unknown format "date-time" ignored in schema at path "#/properties/requestBody/properties/pickup_time"
unknown format "date-time" ignored in schema at path "#/properties/requestBody/properties/pickup_time"
unknown format "date-time" ignored in schema at path "#/properties/requestBody/properties/required_delivery_time"
unknown format "date-time" ignored in schema at path "#/properties/requestBody/properties/required_delivery_time"
unknown format "date-time" ignored in schema at path "#/properties/requestBody/properties/quote_deadline"
unknown format "date-time" ignored in schema at path "#/properties/requestBody/properties/quote_deadline"
unknown format "email" ignored in schema at path "#/properties/requestBody/properties/email"
unknown format "email" ignored in schema at path "#/properties/requestBody/properties/email"
unknown format "email" ignored in schema at path "#/properties/requestBody/properties/email"
unknown format "email" ignored in schema at path "#/properties/requestBody/properties/email"
unknown format "date-time" ignored in schema at path "#/properties/requestBody/properties/pickup_time"
unknown format "date-time" ignored in schema at path "#/properties/requestBody/properties/pickup_time"
unknown format "date-time" ignored in schema at path "#/properties/requestBody/properties/required_delivery_time"
unknown format "date-time" ignored in schema at path "#/properties/requestBody/properties/required_delivery_time"
unknown format "date-time" ignored in schema at path "#/properties/requestBody/properties/quote_deadline"
unknown format "date-time" ignored in schema at path "#/properties/requestBody/properties/quote_deadline"
unknown format "email" ignored in schema at path "#/properties/requestBody/properties/email"
unknown format "email" ignored in schema at path "#/properties/requestBody/properties/email"
unknown format "date-time" ignored in schema at path "#/properties/requestBody/properties/required_delivery_time"
unknown format "date-time" ignored in schema at path "#/properties/requestBody/properties/required_delivery_time"
unknown format "uri" ignored in schema at path "#/properties/requestBody/properties/image_url"
unknown format "uri" ignored in schema at path "#/properties/requestBody/properties/image_url"
unknown format "uri" ignored in schema at path "#/properties/requestBody/properties/image_url"
unknown format "uri" ignored in schema at path "#/properties/requestBody/properties/image_url"
unknown format "date-time" ignored in schema at path "#/properties/query/properties/start_date"
unknown format "date-time" ignored in schema at path "#/properties/query/properties/start_date"
unknown format "date-time" ignored in schema at path "#/properties/query/properties/end_date"
unknown format "date-time" ignored in schema at path "#/properties/query/properties/end_date"
unknown format "email" ignored in schema at path "#/oneOf/0/properties/data/properties/tenants/items/properties/email"
unknown format "email" ignored in schema at path "#/oneOf/0/properties/data/properties/tenants/items/properties/email"
unknown format "date-time" ignored in schema at path "#/oneOf/0/properties/data/properties/tenants/items/properties/created_at"
unknown format "date-time" ignored in schema at path "#/oneOf/0/properties/data/properties/tenants/items/properties/created_at"
unknown format "email" ignored in schema at path "#/properties/data/properties/tenants/items/properties/email"
unknown format "email" ignored in schema at path "#/properties/data/properties/tenants/items/properties/email"
unknown format "date-time" ignored in schema at path "#/properties/data/properties/tenants/items/properties/created_at"
unknown format "date-time" ignored in schema at path "#/properties/data/properties/tenants/items/properties/created_at"
unknown format "email" ignored in schema at path "#/oneOf/0/properties/data/allOf/0/properties/email"
unknown format "email" ignored in schema at path "#/oneOf/0/properties/data/allOf/0/properties/email"
unknown format "date-time" ignored in schema at path "#/oneOf/0/properties/data/allOf/0/properties/created_at"
unknown format "date-time" ignored in schema at path "#/oneOf/0/properties/data/allOf/0/properties/created_at"
unknown format "date-time" ignored in schema at path "#/oneOf/0/properties/data/allOf/1/properties/updated_at"
unknown format "date-time" ignored in schema at path "#/oneOf/0/properties/data/allOf/1/properties/updated_at"
unknown format "date-time" ignored in schema at path "#/oneOf/0/properties/data/allOf/1/properties/vehicles/items/properties/created_at"
unknown format "date-time" ignored in schema at path "#/oneOf/0/properties/data/allOf/1/properties/vehicles/items/properties/created_at"
unknown format "date-time" ignored in schema at path "#/oneOf/0/properties/data/allOf/1/properties/vehicles/items/properties/updated_at"
unknown format "date-time" ignored in schema at path "#/oneOf/0/properties/data/allOf/1/properties/vehicles/items/properties/updated_at"
unknown format "date-time" ignored in schema at path "#/oneOf/0/properties/data/allOf/1/properties/financial_info/properties/created_at"
unknown format "date-time" ignored in schema at path "#/oneOf/0/properties/data/allOf/1/properties/financial_info/properties/created_at"
unknown format "date-time" ignored in schema at path "#/oneOf/0/properties/data/allOf/1/properties/financial_info/properties/updated_at"
unknown format "date-time" ignored in schema at path "#/oneOf/0/properties/data/allOf/1/properties/financial_info/properties/updated_at"
unknown format "date-time" ignored in schema at path "#/oneOf/0/properties/data/allOf/1/properties/contact_info/properties/created_at"
unknown format "date-time" ignored in schema at path "#/oneOf/0/properties/data/allOf/1/properties/contact_info/properties/created_at"
unknown format "date-time" ignored in schema at path "#/oneOf/0/properties/data/allOf/1/properties/contact_info/properties/updated_at"
unknown format "date-time" ignored in schema at path "#/oneOf/0/properties/data/allOf/1/properties/contact_info/properties/updated_at"
unknown format "email" ignored in schema at path "#/properties/data/allOf/0/properties/email"
unknown format "email" ignored in schema at path "#/properties/data/allOf/0/properties/email"
unknown format "date-time" ignored in schema at path "#/properties/data/allOf/0/properties/created_at"
unknown format "date-time" ignored in schema at path "#/properties/data/allOf/0/properties/created_at"
unknown format "date-time" ignored in schema at path "#/properties/data/allOf/1/properties/updated_at"
unknown format "date-time" ignored in schema at path "#/properties/data/allOf/1/properties/updated_at"
unknown format "date-time" ignored in schema at path "#/properties/data/allOf/1/properties/vehicles/items/properties/created_at"
unknown format "date-time" ignored in schema at path "#/properties/data/allOf/1/properties/vehicles/items/properties/created_at"
unknown format "date-time" ignored in schema at path "#/properties/data/allOf/1/properties/vehicles/items/properties/updated_at"
unknown format "date-time" ignored in schema at path "#/properties/data/allOf/1/properties/vehicles/items/properties/updated_at"
unknown format "date-time" ignored in schema at path "#/properties/data/allOf/1/properties/financial_info/properties/created_at"
unknown format "date-time" ignored in schema at path "#/properties/data/allOf/1/properties/financial_info/properties/created_at"
unknown format "date-time" ignored in schema at path "#/properties/data/allOf/1/properties/financial_info/properties/updated_at"
unknown format "date-time" ignored in schema at path "#/properties/data/allOf/1/properties/financial_info/properties/updated_at"
unknown format "date-time" ignored in schema at path "#/properties/data/allOf/1/properties/contact_info/properties/created_at"
unknown format "date-time" ignored in schema at path "#/properties/data/allOf/1/properties/contact_info/properties/created_at"
unknown format "date-time" ignored in schema at path "#/properties/data/allOf/1/properties/contact_info/properties/updated_at"
unknown format "date-time" ignored in schema at path "#/properties/data/allOf/1/properties/contact_info/properties/updated_at"
unknown format "email" ignored in schema at path "#/oneOf/0/properties/data/properties/email"
unknown format "email" ignored in schema at path "#/oneOf/0/properties/data/properties/email"
unknown format "date-time" ignored in schema at path "#/oneOf/0/properties/data/properties/created_at"
unknown format "date-time" ignored in schema at path "#/oneOf/0/properties/data/properties/created_at"
unknown format "email" ignored in schema at path "#/properties/data/properties/email"
unknown format "email" ignored in schema at path "#/properties/data/properties/email"
unknown format "date-time" ignored in schema at path "#/properties/data/properties/created_at"
unknown format "date-time" ignored in schema at path "#/properties/data/properties/created_at"
unknown format "date-time" ignored in schema at path "#/oneOf/0/properties/data/properties/recent_orders/items/properties/required_delivery_time"
unknown format "date-time" ignored in schema at path "#/oneOf/0/properties/data/properties/recent_orders/items/properties/required_delivery_time"
unknown format "date-time" ignored in schema at path "#/oneOf/0/properties/data/properties/recent_orders/items/properties/quote_deadline"
unknown format "date-time" ignored in schema at path "#/oneOf/0/properties/data/properties/recent_orders/items/properties/quote_deadline"
unknown format "date-time" ignored in schema at path "#/oneOf/0/properties/data/properties/recent_orders/items/properties/created_at"
unknown format "date-time" ignored in schema at path "#/oneOf/0/properties/data/properties/recent_orders/items/properties/created_at"
unknown format "date-time" ignored in schema at path "#/oneOf/0/properties/data/properties/recent_orders/items/properties/quotes/items/properties/estimated_arrival"
unknown format "date-time" ignored in schema at path "#/oneOf/0/properties/data/properties/recent_orders/items/properties/quotes/items/properties/estimated_arrival"
unknown format "date-time" ignored in schema at path "#/oneOf/0/properties/data/properties/recent_orders/items/properties/quotes/items/properties/created_at"
unknown format "date-time" ignored in schema at path "#/oneOf/0/properties/data/properties/recent_orders/items/properties/quotes/items/properties/created_at"
unknown format "date-time" ignored in schema at path "#/oneOf/0/properties/data/properties/recent_orders/items/properties/updated_at"
unknown format "date-time" ignored in schema at path "#/oneOf/0/properties/data/properties/recent_orders/items/properties/updated_at"
unknown format "date-time" ignored in schema at path "#/properties/data/properties/recent_orders/items/properties/required_delivery_time"
unknown format "date-time" ignored in schema at path "#/properties/data/properties/recent_orders/items/properties/required_delivery_time"
unknown format "date-time" ignored in schema at path "#/properties/data/properties/recent_orders/items/properties/quote_deadline"
unknown format "date-time" ignored in schema at path "#/properties/data/properties/recent_orders/items/properties/quote_deadline"
unknown format "date-time" ignored in schema at path "#/properties/data/properties/recent_orders/items/properties/created_at"
unknown format "date-time" ignored in schema at path "#/properties/data/properties/recent_orders/items/properties/created_at"
unknown format "date-time" ignored in schema at path "#/properties/data/properties/recent_orders/items/properties/quotes/items/properties/estimated_arrival"
unknown format "date-time" ignored in schema at path "#/properties/data/properties/recent_orders/items/properties/quotes/items/properties/estimated_arrival"
unknown format "date-time" ignored in schema at path "#/properties/data/properties/recent_orders/items/properties/quotes/items/properties/created_at"
unknown format "date-time" ignored in schema at path "#/properties/data/properties/recent_orders/items/properties/quotes/items/properties/created_at"
unknown format "date-time" ignored in schema at path "#/properties/data/properties/recent_orders/items/properties/updated_at"
unknown format "date-time" ignored in schema at path "#/properties/data/properties/recent_orders/items/properties/updated_at"
unknown format "email" ignored in schema at path "#/oneOf/0/properties/data/properties/tenants/items/properties/email"
unknown format "email" ignored in schema at path "#/oneOf/0/properties/data/properties/tenants/items/properties/email"
unknown format "date-time" ignored in schema at path "#/oneOf/0/properties/data/properties/tenants/items/properties/created_at"
unknown format "date-time" ignored in schema at path "#/oneOf/0/properties/data/properties/tenants/items/properties/created_at"
unknown format "email" ignored in schema at path "#/properties/data/properties/tenants/items/properties/email"
unknown format "email" ignored in schema at path "#/properties/data/properties/tenants/items/properties/email"
unknown format "date-time" ignored in schema at path "#/properties/data/properties/tenants/items/properties/created_at"
unknown format "date-time" ignored in schema at path "#/properties/data/properties/tenants/items/properties/created_at"
unknown format "email" ignored in schema at path "#/oneOf/0/properties/data/properties/tenants/items/properties/email"
unknown format "email" ignored in schema at path "#/oneOf/0/properties/data/properties/tenants/items/properties/email"
unknown format "date-time" ignored in schema at path "#/oneOf/0/properties/data/properties/tenants/items/properties/created_at"
unknown format "date-time" ignored in schema at path "#/oneOf/0/properties/data/properties/tenants/items/properties/created_at"
unknown format "email" ignored in schema at path "#/properties/data/properties/tenants/items/properties/email"
unknown format "email" ignored in schema at path "#/properties/data/properties/tenants/items/properties/email"
unknown format "date-time" ignored in schema at path "#/properties/data/properties/tenants/items/properties/created_at"
unknown format "date-time" ignored in schema at path "#/properties/data/properties/tenants/items/properties/created_at"
unknown format "date-time" ignored in schema at path "#/oneOf/0/properties/data/properties/created_at"
unknown format "date-time" ignored in schema at path "#/oneOf/0/properties/data/properties/created_at"
unknown format "date-time" ignored in schema at path "#/oneOf/0/properties/data/properties/updated_at"
unknown format "date-time" ignored in schema at path "#/oneOf/0/properties/data/properties/updated_at"
unknown format "date-time" ignored in schema at path "#/properties/data/properties/created_at"
unknown format "date-time" ignored in schema at path "#/properties/data/properties/created_at"
unknown format "date-time" ignored in schema at path "#/properties/data/properties/updated_at"
unknown format "date-time" ignored in schema at path "#/properties/data/properties/updated_at"
unknown format "date-time" ignored in schema at path "#/oneOf/0/properties/data/properties/created_at"
unknown format "date-time" ignored in schema at path "#/oneOf/0/properties/data/properties/created_at"
unknown format "date-time" ignored in schema at path "#/oneOf/0/properties/data/properties/updated_at"
unknown format "date-time" ignored in schema at path "#/oneOf/0/properties/data/properties/updated_at"
unknown format "date-time" ignored in schema at path "#/properties/data/properties/created_at"
unknown format "date-time" ignored in schema at path "#/properties/data/properties/created_at"
unknown format "date-time" ignored in schema at path "#/properties/data/properties/updated_at"
unknown format "date-time" ignored in schema at path "#/properties/data/properties/updated_at"
unknown format "date-time" ignored in schema at path "#/oneOf/0/properties/data/properties/vehicles/items/properties/created_at"
unknown format "date-time" ignored in schema at path "#/oneOf/0/properties/data/properties/vehicles/items/properties/created_at"
unknown format "date-time" ignored in schema at path "#/oneOf/0/properties/data/properties/vehicles/items/properties/updated_at"
unknown format "date-time" ignored in schema at path "#/oneOf/0/properties/data/properties/vehicles/items/properties/updated_at"
unknown format "date-time" ignored in schema at path "#/properties/data/properties/vehicles/items/properties/created_at"
unknown format "date-time" ignored in schema at path "#/properties/data/properties/vehicles/items/properties/created_at"
unknown format "date-time" ignored in schema at path "#/properties/data/properties/vehicles/items/properties/updated_at"
unknown format "date-time" ignored in schema at path "#/properties/data/properties/vehicles/items/properties/updated_at"
unknown format "date-time" ignored in schema at path "#/oneOf/0/properties/data/properties/created_at"
unknown format "date-time" ignored in schema at path "#/oneOf/0/properties/data/properties/created_at"
unknown format "date-time" ignored in schema at path "#/oneOf/0/properties/data/properties/updated_at"
unknown format "date-time" ignored in schema at path "#/oneOf/0/properties/data/properties/updated_at"
unknown format "date-time" ignored in schema at path "#/properties/data/properties/created_at"
unknown format "date-time" ignored in schema at path "#/properties/data/properties/created_at"
unknown format "date-time" ignored in schema at path "#/properties/data/properties/updated_at"
unknown format "date-time" ignored in schema at path "#/properties/data/properties/updated_at"
unknown format "date-time" ignored in schema at path "#/oneOf/0/properties/data/properties/vehicle_models/items/properties/created_at"
unknown format "date-time" ignored in schema at path "#/oneOf/0/properties/data/properties/vehicle_models/items/properties/created_at"
unknown format "date-time" ignored in schema at path "#/oneOf/0/properties/data/properties/vehicle_models/items/properties/updated_at"
unknown format "date-time" ignored in schema at path "#/oneOf/0/properties/data/properties/vehicle_models/items/properties/updated_at"
unknown format "date-time" ignored in schema at path "#/properties/data/properties/vehicle_models/items/properties/created_at"
unknown format "date-time" ignored in schema at path "#/properties/data/properties/vehicle_models/items/properties/created_at"
unknown format "date-time" ignored in schema at path "#/properties/data/properties/vehicle_models/items/properties/updated_at"
unknown format "date-time" ignored in schema at path "#/properties/data/properties/vehicle_models/items/properties/updated_at"
unknown format "date-time" ignored in schema at path "#/oneOf/0/properties/data/properties/created_at"
unknown format "date-time" ignored in schema at path "#/oneOf/0/properties/data/properties/created_at"
unknown format "date-time" ignored in schema at path "#/oneOf/0/properties/data/properties/updated_at"
unknown format "date-time" ignored in schema at path "#/oneOf/0/properties/data/properties/updated_at"
unknown format "date-time" ignored in schema at path "#/properties/data/properties/created_at"
unknown format "date-time" ignored in schema at path "#/properties/data/properties/created_at"
unknown format "date-time" ignored in schema at path "#/properties/data/properties/updated_at"
unknown format "date-time" ignored in schema at path "#/properties/data/properties/updated_at"
unknown format "date-time" ignored in schema at path "#/oneOf/0/properties/data/properties/created_at"
unknown format "date-time" ignored in schema at path "#/oneOf/0/properties/data/properties/created_at"
unknown format "date-time" ignored in schema at path "#/oneOf/0/properties/data/properties/updated_at"
unknown format "date-time" ignored in schema at path "#/oneOf/0/properties/data/properties/updated_at"
unknown format "date-time" ignored in schema at path "#/properties/data/properties/created_at"
unknown format "date-time" ignored in schema at path "#/properties/data/properties/created_at"
unknown format "date-time" ignored in schema at path "#/properties/data/properties/updated_at"
unknown format "date-time" ignored in schema at path "#/properties/data/properties/updated_at"
unknown format "date-time" ignored in schema at path "#/oneOf/0/properties/data/properties/created_at"
unknown format "date-time" ignored in schema at path "#/oneOf/0/properties/data/properties/created_at"
unknown format "date-time" ignored in schema at path "#/oneOf/0/properties/data/properties/updated_at"
unknown format "date-time" ignored in schema at path "#/oneOf/0/properties/data/properties/updated_at"
unknown format "date-time" ignored in schema at path "#/properties/data/properties/created_at"
unknown format "date-time" ignored in schema at path "#/properties/data/properties/created_at"
unknown format "date-time" ignored in schema at path "#/properties/data/properties/updated_at"
unknown format "date-time" ignored in schema at path "#/properties/data/properties/updated_at"
unknown format "date-time" ignored in schema at path "#/oneOf/0/properties/data/items/properties/created_at"
unknown format "date-time" ignored in schema at path "#/oneOf/0/properties/data/items/properties/created_at"
unknown format "date-time" ignored in schema at path "#/oneOf/0/properties/data/items/properties/updated_at"
unknown format "date-time" ignored in schema at path "#/oneOf/0/properties/data/items/properties/updated_at"
unknown format "date-time" ignored in schema at path "#/properties/data/items/properties/created_at"
unknown format "date-time" ignored in schema at path "#/properties/data/items/properties/created_at"
unknown format "date-time" ignored in schema at path "#/properties/data/items/properties/updated_at"
unknown format "date-time" ignored in schema at path "#/properties/data/items/properties/updated_at"
unknown format "date-time" ignored in schema at path "#/oneOf/0/properties/data/properties/created_at"
unknown format "date-time" ignored in schema at path "#/oneOf/0/properties/data/properties/created_at"
unknown format "date-time" ignored in schema at path "#/oneOf/0/properties/data/properties/updated_at"
unknown format "date-time" ignored in schema at path "#/oneOf/0/properties/data/properties/updated_at"
unknown format "date-time" ignored in schema at path "#/properties/data/properties/created_at"
unknown format "date-time" ignored in schema at path "#/properties/data/properties/created_at"
unknown format "date-time" ignored in schema at path "#/properties/data/properties/updated_at"
unknown format "date-time" ignored in schema at path "#/properties/data/properties/updated_at"
unknown format "date-time" ignored in schema at path "#/oneOf/0/properties/data/properties/created_at"
unknown format "date-time" ignored in schema at path "#/oneOf/0/properties/data/properties/created_at"
unknown format "date-time" ignored in schema at path "#/oneOf/0/properties/data/properties/updated_at"
unknown format "date-time" ignored in schema at path "#/oneOf/0/properties/data/properties/updated_at"
unknown format "date-time" ignored in schema at path "#/properties/data/properties/created_at"
unknown format "date-time" ignored in schema at path "#/properties/data/properties/created_at"
unknown format "date-time" ignored in schema at path "#/properties/data/properties/updated_at"
unknown format "date-time" ignored in schema at path "#/properties/data/properties/updated_at"
unknown format "date-time" ignored in schema at path "#/oneOf/0/properties/data/properties/orders/items/properties/required_delivery_time"
unknown format "date-time" ignored in schema at path "#/oneOf/0/properties/data/properties/orders/items/properties/required_delivery_time"
unknown format "date-time" ignored in schema at path "#/oneOf/0/properties/data/properties/orders/items/properties/quote_deadline"
unknown format "date-time" ignored in schema at path "#/oneOf/0/properties/data/properties/orders/items/properties/quote_deadline"
unknown format "date-time" ignored in schema at path "#/oneOf/0/properties/data/properties/orders/items/properties/created_at"
unknown format "date-time" ignored in schema at path "#/oneOf/0/properties/data/properties/orders/items/properties/created_at"
unknown format "date-time" ignored in schema at path "#/oneOf/0/properties/data/properties/orders/items/properties/quotes/items/properties/estimated_arrival"
unknown format "date-time" ignored in schema at path "#/oneOf/0/properties/data/properties/orders/items/properties/quotes/items/properties/estimated_arrival"
unknown format "date-time" ignored in schema at path "#/oneOf/0/properties/data/properties/orders/items/properties/quotes/items/properties/created_at"
unknown format "date-time" ignored in schema at path "#/oneOf/0/properties/data/properties/orders/items/properties/quotes/items/properties/created_at"
unknown format "date-time" ignored in schema at path "#/oneOf/0/properties/data/properties/orders/items/properties/updated_at"
unknown format "date-time" ignored in schema at path "#/oneOf/0/properties/data/properties/orders/items/properties/updated_at"
unknown format "date-time" ignored in schema at path "#/properties/data/properties/orders/items/properties/required_delivery_time"
unknown format "date-time" ignored in schema at path "#/properties/data/properties/orders/items/properties/required_delivery_time"
unknown format "date-time" ignored in schema at path "#/properties/data/properties/orders/items/properties/quote_deadline"
unknown format "date-time" ignored in schema at path "#/properties/data/properties/orders/items/properties/quote_deadline"
unknown format "date-time" ignored in schema at path "#/properties/data/properties/orders/items/properties/created_at"
unknown format "date-time" ignored in schema at path "#/properties/data/properties/orders/items/properties/created_at"
unknown format "date-time" ignored in schema at path "#/properties/data/properties/orders/items/properties/quotes/items/properties/estimated_arrival"
unknown format "date-time" ignored in schema at path "#/properties/data/properties/orders/items/properties/quotes/items/properties/estimated_arrival"
unknown format "date-time" ignored in schema at path "#/properties/data/properties/orders/items/properties/quotes/items/properties/created_at"
unknown format "date-time" ignored in schema at path "#/properties/data/properties/orders/items/properties/quotes/items/properties/created_at"
unknown format "date-time" ignored in schema at path "#/properties/data/properties/orders/items/properties/updated_at"
unknown format "date-time" ignored in schema at path "#/properties/data/properties/orders/items/properties/updated_at"
unknown format "date-time" ignored in schema at path "#/oneOf/0/properties/required_delivery_time"
unknown format "date-time" ignored in schema at path "#/oneOf/0/properties/required_delivery_time"
unknown format "date-time" ignored in schema at path "#/oneOf/0/properties/quote_deadline"
unknown format "date-time" ignored in schema at path "#/oneOf/0/properties/quote_deadline"
unknown format "date-time" ignored in schema at path "#/oneOf/0/properties/created_at"
unknown format "date-time" ignored in schema at path "#/oneOf/0/properties/created_at"
unknown format "date-time" ignored in schema at path "#/oneOf/0/properties/quotes/items/properties/estimated_arrival"
unknown format "date-time" ignored in schema at path "#/oneOf/0/properties/quotes/items/properties/estimated_arrival"
unknown format "date-time" ignored in schema at path "#/oneOf/0/properties/quotes/items/properties/created_at"
unknown format "date-time" ignored in schema at path "#/oneOf/0/properties/quotes/items/properties/created_at"
unknown format "date-time" ignored in schema at path "#/oneOf/0/properties/updated_at"
unknown format "date-time" ignored in schema at path "#/oneOf/0/properties/updated_at"
unknown format "date-time" ignored in schema at path "#/properties/required_delivery_time"
unknown format "date-time" ignored in schema at path "#/properties/required_delivery_time"
unknown format "date-time" ignored in schema at path "#/properties/quote_deadline"
unknown format "date-time" ignored in schema at path "#/properties/quote_deadline"
unknown format "date-time" ignored in schema at path "#/properties/created_at"
unknown format "date-time" ignored in schema at path "#/properties/created_at"
unknown format "date-time" ignored in schema at path "#/properties/quotes/items/properties/estimated_arrival"
unknown format "date-time" ignored in schema at path "#/properties/quotes/items/properties/estimated_arrival"
unknown format "date-time" ignored in schema at path "#/properties/quotes/items/properties/created_at"
unknown format "date-time" ignored in schema at path "#/properties/quotes/items/properties/created_at"
unknown format "date-time" ignored in schema at path "#/properties/updated_at"
unknown format "date-time" ignored in schema at path "#/properties/updated_at"
unknown format "date-time" ignored in schema at path "#/oneOf/0/properties/data/properties/quotes/items/properties/delivery_time"
unknown format "date-time" ignored in schema at path "#/oneOf/0/properties/data/properties/quotes/items/properties/delivery_time"
unknown format "date-time" ignored in schema at path "#/oneOf/0/properties/data/properties/quotes/items/properties/created_at"
unknown format "date-time" ignored in schema at path "#/oneOf/0/properties/data/properties/quotes/items/properties/created_at"
unknown format "date-time" ignored in schema at path "#/properties/data/properties/quotes/items/properties/delivery_time"
unknown format "date-time" ignored in schema at path "#/properties/data/properties/quotes/items/properties/delivery_time"
unknown format "date-time" ignored in schema at path "#/properties/data/properties/quotes/items/properties/created_at"
unknown format "date-time" ignored in schema at path "#/properties/data/properties/quotes/items/properties/created_at"
unknown format "date-time" ignored in schema at path "#/oneOf/0/properties/created_at"
unknown format "date-time" ignored in schema at path "#/oneOf/0/properties/created_at"
unknown format "date-time" ignored in schema at path "#/properties/created_at"
unknown format "date-time" ignored in schema at path "#/properties/created_at"
unknown format "email" ignored in schema at path "#/oneOf/0/properties/data/items/properties/email"
unknown format "email" ignored in schema at path "#/oneOf/0/properties/data/items/properties/email"
unknown format "email" ignored in schema at path "#/properties/data/items/properties/email"
unknown format "email" ignored in schema at path "#/properties/data/items/properties/email"
unknown format "date-time" ignored in schema at path "#/oneOf/0/properties/data/properties/orders/items/properties/required_delivery_time"
unknown format "date-time" ignored in schema at path "#/oneOf/0/properties/data/properties/orders/items/properties/required_delivery_time"
unknown format "date-time" ignored in schema at path "#/oneOf/0/properties/data/properties/orders/items/properties/quote_deadline"
unknown format "date-time" ignored in schema at path "#/oneOf/0/properties/data/properties/orders/items/properties/quote_deadline"
unknown format "date-time" ignored in schema at path "#/oneOf/0/properties/data/properties/orders/items/properties/created_at"
unknown format "date-time" ignored in schema at path "#/oneOf/0/properties/data/properties/orders/items/properties/created_at"
unknown format "date-time" ignored in schema at path "#/oneOf/0/properties/data/properties/orders/items/properties/quotes/items/properties/estimated_arrival"
unknown format "date-time" ignored in schema at path "#/oneOf/0/properties/data/properties/orders/items/properties/quotes/items/properties/estimated_arrival"
unknown format "date-time" ignored in schema at path "#/oneOf/0/properties/data/properties/orders/items/properties/quotes/items/properties/created_at"
unknown format "date-time" ignored in schema at path "#/oneOf/0/properties/data/properties/orders/items/properties/quotes/items/properties/created_at"
unknown format "date-time" ignored in schema at path "#/oneOf/0/properties/data/properties/orders/items/properties/updated_at"
unknown format "date-time" ignored in schema at path "#/oneOf/0/properties/data/properties/orders/items/properties/updated_at"
unknown format "date-time" ignored in schema at path "#/properties/data/properties/orders/items/properties/required_delivery_time"
unknown format "date-time" ignored in schema at path "#/properties/data/properties/orders/items/properties/required_delivery_time"
unknown format "date-time" ignored in schema at path "#/properties/data/properties/orders/items/properties/quote_deadline"
unknown format "date-time" ignored in schema at path "#/properties/data/properties/orders/items/properties/quote_deadline"
unknown format "date-time" ignored in schema at path "#/properties/data/properties/orders/items/properties/created_at"
unknown format "date-time" ignored in schema at path "#/properties/data/properties/orders/items/properties/created_at"
unknown format "date-time" ignored in schema at path "#/properties/data/properties/orders/items/properties/quotes/items/properties/estimated_arrival"
unknown format "date-time" ignored in schema at path "#/properties/data/properties/orders/items/properties/quotes/items/properties/estimated_arrival"
unknown format "date-time" ignored in schema at path "#/properties/data/properties/orders/items/properties/quotes/items/properties/created_at"
unknown format "date-time" ignored in schema at path "#/properties/data/properties/orders/items/properties/quotes/items/properties/created_at"
unknown format "date-time" ignored in schema at path "#/properties/data/properties/orders/items/properties/updated_at"
unknown format "date-time" ignored in schema at path "#/properties/data/properties/orders/items/properties/updated_at"
unknown format "date-time" ignored in schema at path "#/oneOf/0/properties/order/properties/required_delivery_time"
unknown format "date-time" ignored in schema at path "#/oneOf/0/properties/order/properties/required_delivery_time"
unknown format "date-time" ignored in schema at path "#/oneOf/0/properties/order/properties/quote_deadline"
unknown format "date-time" ignored in schema at path "#/oneOf/0/properties/order/properties/quote_deadline"
unknown format "date-time" ignored in schema at path "#/oneOf/0/properties/order/properties/created_at"
unknown format "date-time" ignored in schema at path "#/oneOf/0/properties/order/properties/created_at"
unknown format "date-time" ignored in schema at path "#/oneOf/0/properties/order/properties/quotes/items/properties/estimated_arrival"
unknown format "date-time" ignored in schema at path "#/oneOf/0/properties/order/properties/quotes/items/properties/estimated_arrival"
unknown format "date-time" ignored in schema at path "#/oneOf/0/properties/order/properties/quotes/items/properties/created_at"
unknown format "date-time" ignored in schema at path "#/oneOf/0/properties/order/properties/quotes/items/properties/created_at"
unknown format "date-time" ignored in schema at path "#/oneOf/0/properties/order/properties/updated_at"
unknown format "date-time" ignored in schema at path "#/oneOf/0/properties/order/properties/updated_at"
unknown format "date-time" ignored in schema at path "#/properties/order/properties/required_delivery_time"
unknown format "date-time" ignored in schema at path "#/properties/order/properties/required_delivery_time"
unknown format "date-time" ignored in schema at path "#/properties/order/properties/quote_deadline"
unknown format "date-time" ignored in schema at path "#/properties/order/properties/quote_deadline"
unknown format "date-time" ignored in schema at path "#/properties/order/properties/created_at"
unknown format "date-time" ignored in schema at path "#/properties/order/properties/created_at"
unknown format "date-time" ignored in schema at path "#/properties/order/properties/quotes/items/properties/estimated_arrival"
unknown format "date-time" ignored in schema at path "#/properties/order/properties/quotes/items/properties/estimated_arrival"
unknown format "date-time" ignored in schema at path "#/properties/order/properties/quotes/items/properties/created_at"
unknown format "date-time" ignored in schema at path "#/properties/order/properties/quotes/items/properties/created_at"
unknown format "date-time" ignored in schema at path "#/properties/order/properties/updated_at"
unknown format "date-time" ignored in schema at path "#/properties/order/properties/updated_at"
unknown format "date-time" ignored in schema at path "#/oneOf/0/properties/data/properties/orders/items/properties/required_delivery_time"
unknown format "date-time" ignored in schema at path "#/oneOf/0/properties/data/properties/orders/items/properties/required_delivery_time"
unknown format "date-time" ignored in schema at path "#/oneOf/0/properties/data/properties/orders/items/properties/quote_deadline"
unknown format "date-time" ignored in schema at path "#/oneOf/0/properties/data/properties/orders/items/properties/quote_deadline"
unknown format "date-time" ignored in schema at path "#/oneOf/0/properties/data/properties/orders/items/properties/created_at"
unknown format "date-time" ignored in schema at path "#/oneOf/0/properties/data/properties/orders/items/properties/created_at"
unknown format "date-time" ignored in schema at path "#/oneOf/0/properties/data/properties/orders/items/properties/quotes/items/properties/estimated_arrival"
unknown format "date-time" ignored in schema at path "#/oneOf/0/properties/data/properties/orders/items/properties/quotes/items/properties/estimated_arrival"
unknown format "date-time" ignored in schema at path "#/oneOf/0/properties/data/properties/orders/items/properties/quotes/items/properties/created_at"
unknown format "date-time" ignored in schema at path "#/oneOf/0/properties/data/properties/orders/items/properties/quotes/items/properties/created_at"
unknown format "date-time" ignored in schema at path "#/oneOf/0/properties/data/properties/orders/items/properties/updated_at"
unknown format "date-time" ignored in schema at path "#/oneOf/0/properties/data/properties/orders/items/properties/updated_at"
unknown format "date-time" ignored in schema at path "#/properties/data/properties/orders/items/properties/required_delivery_time"
unknown format "date-time" ignored in schema at path "#/properties/data/properties/orders/items/properties/required_delivery_time"
unknown format "date-time" ignored in schema at path "#/properties/data/properties/orders/items/properties/quote_deadline"
unknown format "date-time" ignored in schema at path "#/properties/data/properties/orders/items/properties/quote_deadline"
unknown format "date-time" ignored in schema at path "#/properties/data/properties/orders/items/properties/created_at"
unknown format "date-time" ignored in schema at path "#/properties/data/properties/orders/items/properties/created_at"
unknown format "date-time" ignored in schema at path "#/properties/data/properties/orders/items/properties/quotes/items/properties/estimated_arrival"
unknown format "date-time" ignored in schema at path "#/properties/data/properties/orders/items/properties/quotes/items/properties/estimated_arrival"
unknown format "date-time" ignored in schema at path "#/properties/data/properties/orders/items/properties/quotes/items/properties/created_at"
unknown format "date-time" ignored in schema at path "#/properties/data/properties/orders/items/properties/quotes/items/properties/created_at"
unknown format "date-time" ignored in schema at path "#/properties/data/properties/orders/items/properties/updated_at"
unknown format "date-time" ignored in schema at path "#/properties/data/properties/orders/items/properties/updated_at"
unknown format "date-time" ignored in schema at path "#/oneOf/0/properties/required_delivery_time"
unknown format "date-time" ignored in schema at path "#/oneOf/0/properties/required_delivery_time"
unknown format "date-time" ignored in schema at path "#/oneOf/0/properties/quote_deadline"
unknown format "date-time" ignored in schema at path "#/oneOf/0/properties/quote_deadline"
unknown format "date-time" ignored in schema at path "#/oneOf/0/properties/created_at"
unknown format "date-time" ignored in schema at path "#/oneOf/0/properties/created_at"
unknown format "date-time" ignored in schema at path "#/oneOf/0/properties/quotes/items/properties/estimated_arrival"
unknown format "date-time" ignored in schema at path "#/oneOf/0/properties/quotes/items/properties/estimated_arrival"
unknown format "date-time" ignored in schema at path "#/oneOf/0/properties/quotes/items/properties/created_at"
unknown format "date-time" ignored in schema at path "#/oneOf/0/properties/quotes/items/properties/created_at"
unknown format "date-time" ignored in schema at path "#/oneOf/0/properties/updated_at"
unknown format "date-time" ignored in schema at path "#/oneOf/0/properties/updated_at"
unknown format "date-time" ignored in schema at path "#/properties/required_delivery_time"
unknown format "date-time" ignored in schema at path "#/properties/required_delivery_time"
unknown format "date-time" ignored in schema at path "#/properties/quote_deadline"
unknown format "date-time" ignored in schema at path "#/properties/quote_deadline"
unknown format "date-time" ignored in schema at path "#/properties/created_at"
unknown format "date-time" ignored in schema at path "#/properties/created_at"
unknown format "date-time" ignored in schema at path "#/properties/quotes/items/properties/estimated_arrival"
unknown format "date-time" ignored in schema at path "#/properties/quotes/items/properties/estimated_arrival"
unknown format "date-time" ignored in schema at path "#/properties/quotes/items/properties/created_at"
unknown format "date-time" ignored in schema at path "#/properties/quotes/items/properties/created_at"
unknown format "date-time" ignored in schema at path "#/properties/updated_at"
unknown format "date-time" ignored in schema at path "#/properties/updated_at"
unknown format "date-time" ignored in schema at path "#/oneOf/0/properties/created_at"
unknown format "date-time" ignored in schema at path "#/oneOf/0/properties/created_at"
unknown format "date-time" ignored in schema at path "#/properties/created_at"
unknown format "date-time" ignored in schema at path "#/properties/created_at"
unknown format "date-time" ignored in schema at path "#/oneOf/0/properties/data/properties/orders/items/properties/required_delivery_time"
unknown format "date-time" ignored in schema at path "#/oneOf/0/properties/data/properties/orders/items/properties/required_delivery_time"
unknown format "date-time" ignored in schema at path "#/oneOf/0/properties/data/properties/orders/items/properties/quote_deadline"
unknown format "date-time" ignored in schema at path "#/oneOf/0/properties/data/properties/orders/items/properties/quote_deadline"
unknown format "date-time" ignored in schema at path "#/oneOf/0/properties/data/properties/orders/items/properties/created_at"
unknown format "date-time" ignored in schema at path "#/oneOf/0/properties/data/properties/orders/items/properties/created_at"
unknown format "date-time" ignored in schema at path "#/oneOf/0/properties/data/properties/orders/items/properties/quotes/items/properties/estimated_arrival"
unknown format "date-time" ignored in schema at path "#/oneOf/0/properties/data/properties/orders/items/properties/quotes/items/properties/estimated_arrival"
unknown format "date-time" ignored in schema at path "#/oneOf/0/properties/data/properties/orders/items/properties/quotes/items/properties/created_at"
unknown format "date-time" ignored in schema at path "#/oneOf/0/properties/data/properties/orders/items/properties/quotes/items/properties/created_at"
unknown format "date-time" ignored in schema at path "#/oneOf/0/properties/data/properties/orders/items/properties/updated_at"
unknown format "date-time" ignored in schema at path "#/oneOf/0/properties/data/properties/orders/items/properties/updated_at"
unknown format "date-time" ignored in schema at path "#/properties/data/properties/orders/items/properties/required_delivery_time"
unknown format "date-time" ignored in schema at path "#/properties/data/properties/orders/items/properties/required_delivery_time"
unknown format "date-time" ignored in schema at path "#/properties/data/properties/orders/items/properties/quote_deadline"
unknown format "date-time" ignored in schema at path "#/properties/data/properties/orders/items/properties/quote_deadline"
unknown format "date-time" ignored in schema at path "#/properties/data/properties/orders/items/properties/created_at"
unknown format "date-time" ignored in schema at path "#/properties/data/properties/orders/items/properties/created_at"
unknown format "date-time" ignored in schema at path "#/properties/data/properties/orders/items/properties/quotes/items/properties/estimated_arrival"
unknown format "date-time" ignored in schema at path "#/properties/data/properties/orders/items/properties/quotes/items/properties/estimated_arrival"
unknown format "date-time" ignored in schema at path "#/properties/data/properties/orders/items/properties/quotes/items/properties/created_at"
unknown format "date-time" ignored in schema at path "#/properties/data/properties/orders/items/properties/quotes/items/properties/created_at"
unknown format "date-time" ignored in schema at path "#/properties/data/properties/orders/items/properties/updated_at"
unknown format "date-time" ignored in schema at path "#/properties/data/properties/orders/items/properties/updated_at"
unknown format "date-time" ignored in schema at path "#/oneOf/0/properties/data/items/properties/estimated_arrival"
unknown format "date-time" ignored in schema at path "#/oneOf/0/properties/data/items/properties/estimated_arrival"
unknown format "date-time" ignored in schema at path "#/oneOf/0/properties/data/items/properties/created_at"
unknown format "date-time" ignored in schema at path "#/oneOf/0/properties/data/items/properties/created_at"
unknown format "date-time" ignored in schema at path "#/properties/data/items/properties/estimated_arrival"
unknown format "date-time" ignored in schema at path "#/properties/data/items/properties/estimated_arrival"
unknown format "date-time" ignored in schema at path "#/properties/data/items/properties/created_at"
unknown format "date-time" ignored in schema at path "#/properties/data/items/properties/created_at"
unknown format "date-time" ignored in schema at path "#/oneOf/0/properties/data/items/properties/estimated_arrival"
unknown format "date-time" ignored in schema at path "#/oneOf/0/properties/data/items/properties/estimated_arrival"
unknown format "date-time" ignored in schema at path "#/oneOf/0/properties/data/items/properties/created_at"
unknown format "date-time" ignored in schema at path "#/oneOf/0/properties/data/items/properties/created_at"
unknown format "date-time" ignored in schema at path "#/properties/data/items/properties/estimated_arrival"
unknown format "date-time" ignored in schema at path "#/properties/data/items/properties/estimated_arrival"
unknown format "date-time" ignored in schema at path "#/properties/data/items/properties/created_at"
unknown format "date-time" ignored in schema at path "#/properties/data/items/properties/created_at"
unknown format "date-time" ignored in schema at path "#/oneOf/0/properties/data/properties/quotes/items/properties/estimated_arrival"
unknown format "date-time" ignored in schema at path "#/oneOf/0/properties/data/properties/quotes/items/properties/estimated_arrival"
unknown format "date-time" ignored in schema at path "#/oneOf/0/properties/data/properties/quotes/items/properties/created_at"
unknown format "date-time" ignored in schema at path "#/oneOf/0/properties/data/properties/quotes/items/properties/created_at"
unknown format "date-time" ignored in schema at path "#/properties/data/properties/quotes/items/properties/estimated_arrival"
unknown format "date-time" ignored in schema at path "#/properties/data/properties/quotes/items/properties/estimated_arrival"
unknown format "date-time" ignored in schema at path "#/properties/data/properties/quotes/items/properties/created_at"
unknown format "date-time" ignored in schema at path "#/properties/data/properties/quotes/items/properties/created_at"
unknown format "date-time" ignored in schema at path "#/oneOf/0/properties/data/items/properties/created_at"
unknown format "date-time" ignored in schema at path "#/oneOf/0/properties/data/items/properties/created_at"
unknown format "date-time" ignored in schema at path "#/oneOf/0/properties/data/items/properties/updated_at"
unknown format "date-time" ignored in schema at path "#/oneOf/0/properties/data/items/properties/updated_at"
unknown format "date-time" ignored in schema at path "#/properties/data/items/properties/created_at"
unknown format "date-time" ignored in schema at path "#/properties/data/items/properties/created_at"
unknown format "date-time" ignored in schema at path "#/properties/data/items/properties/updated_at"
unknown format "date-time" ignored in schema at path "#/properties/data/items/properties/updated_at"
unknown format "date-time" ignored in schema at path "#/oneOf/0/properties/data/properties/created_at"
unknown format "date-time" ignored in schema at path "#/oneOf/0/properties/data/properties/created_at"
unknown format "date-time" ignored in schema at path "#/oneOf/0/properties/data/properties/updated_at"
unknown format "date-time" ignored in schema at path "#/oneOf/0/properties/data/properties/updated_at"
unknown format "date-time" ignored in schema at path "#/properties/data/properties/created_at"
unknown format "date-time" ignored in schema at path "#/properties/data/properties/created_at"
unknown format "date-time" ignored in schema at path "#/properties/data/properties/updated_at"
unknown format "date-time" ignored in schema at path "#/properties/data/properties/updated_at"
unknown format "date-time" ignored in schema at path "#/oneOf/0/properties/data/properties/created_at"
unknown format "date-time" ignored in schema at path "#/oneOf/0/properties/data/properties/created_at"
unknown format "date-time" ignored in schema at path "#/oneOf/0/properties/data/properties/updated_at"
unknown format "date-time" ignored in schema at path "#/oneOf/0/properties/data/properties/updated_at"
unknown format "date-time" ignored in schema at path "#/properties/data/properties/created_at"
unknown format "date-time" ignored in schema at path "#/properties/data/properties/created_at"
unknown format "date-time" ignored in schema at path "#/properties/data/properties/updated_at"
unknown format "date-time" ignored in schema at path "#/properties/data/properties/updated_at"
unknown format "date-time" ignored in schema at path "#/oneOf/0/properties/data/properties/created_at"
unknown format "date-time" ignored in schema at path "#/oneOf/0/properties/data/properties/created_at"
unknown format "date-time" ignored in schema at path "#/oneOf/0/properties/data/properties/updated_at"
unknown format "date-time" ignored in schema at path "#/oneOf/0/properties/data/properties/updated_at"
unknown format "date-time" ignored in schema at path "#/properties/data/properties/created_at"
unknown format "date-time" ignored in schema at path "#/properties/data/properties/created_at"
unknown format "date-time" ignored in schema at path "#/properties/data/properties/updated_at"
unknown format "date-time" ignored in schema at path "#/properties/data/properties/updated_at"
unknown format "date-time" ignored in schema at path "#/oneOf/0/properties/data/items/properties/created_at"
unknown format "date-time" ignored in schema at path "#/oneOf/0/properties/data/items/properties/created_at"
unknown format "date-time" ignored in schema at path "#/oneOf/0/properties/data/items/properties/updated_at"
unknown format "date-time" ignored in schema at path "#/oneOf/0/properties/data/items/properties/updated_at"
unknown format "date-time" ignored in schema at path "#/properties/data/items/properties/created_at"
unknown format "date-time" ignored in schema at path "#/properties/data/items/properties/created_at"
unknown format "date-time" ignored in schema at path "#/properties/data/items/properties/updated_at"
unknown format "date-time" ignored in schema at path "#/properties/data/items/properties/updated_at"
unknown format "date-time" ignored in schema at path "#/oneOf/0/properties/data/properties/created_at"
unknown format "date-time" ignored in schema at path "#/oneOf/0/properties/data/properties/created_at"
unknown format "date-time" ignored in schema at path "#/oneOf/0/properties/data/properties/updated_at"
unknown format "date-time" ignored in schema at path "#/oneOf/0/properties/data/properties/updated_at"
unknown format "date-time" ignored in schema at path "#/properties/data/properties/created_at"
unknown format "date-time" ignored in schema at path "#/properties/data/properties/created_at"
unknown format "date-time" ignored in schema at path "#/properties/data/properties/updated_at"
unknown format "date-time" ignored in schema at path "#/properties/data/properties/updated_at"
unknown format "date-time" ignored in schema at path "#/oneOf/0/properties/data/properties/created_at"
unknown format "date-time" ignored in schema at path "#/oneOf/0/properties/data/properties/created_at"
unknown format "date-time" ignored in schema at path "#/oneOf/0/properties/data/properties/updated_at"
unknown format "date-time" ignored in schema at path "#/oneOf/0/properties/data/properties/updated_at"
unknown format "date-time" ignored in schema at path "#/properties/data/properties/created_at"
unknown format "date-time" ignored in schema at path "#/properties/data/properties/created_at"
unknown format "date-time" ignored in schema at path "#/properties/data/properties/updated_at"
unknown format "date-time" ignored in schema at path "#/properties/data/properties/updated_at"
unknown format "date-time" ignored in schema at path "#/oneOf/0/properties/data/properties/created_at"
unknown format "date-time" ignored in schema at path "#/oneOf/0/properties/data/properties/created_at"
unknown format "date-time" ignored in schema at path "#/oneOf/0/properties/data/properties/updated_at"
unknown format "date-time" ignored in schema at path "#/oneOf/0/properties/data/properties/updated_at"
unknown format "date-time" ignored in schema at path "#/properties/data/properties/created_at"
unknown format "date-time" ignored in schema at path "#/properties/data/properties/created_at"
unknown format "date-time" ignored in schema at path "#/properties/data/properties/updated_at"
unknown format "date-time" ignored in schema at path "#/properties/data/properties/updated_at"
unknown format "date-time" ignored in schema at path "#/oneOf/0/properties/data/properties/updated_at"
unknown format "date-time" ignored in schema at path "#/oneOf/0/properties/data/properties/updated_at"
unknown format "date-time" ignored in schema at path "#/properties/data/properties/updated_at"
unknown format "date-time" ignored in schema at path "#/properties/data/properties/updated_at"
unknown format "date-time" ignored in schema at path "#/oneOf/0/properties/data/properties/vehicle_models/items/properties/created_at"
unknown format "date-time" ignored in schema at path "#/oneOf/0/properties/data/properties/vehicle_models/items/properties/created_at"
unknown format "date-time" ignored in schema at path "#/oneOf/0/properties/data/properties/vehicle_models/items/properties/updated_at"
unknown format "date-time" ignored in schema at path "#/oneOf/0/properties/data/properties/vehicle_models/items/properties/updated_at"
unknown format "date-time" ignored in schema at path "#/properties/data/properties/vehicle_models/items/properties/created_at"
unknown format "date-time" ignored in schema at path "#/properties/data/properties/vehicle_models/items/properties/created_at"
unknown format "date-time" ignored in schema at path "#/properties/data/properties/vehicle_models/items/properties/updated_at"
unknown format "date-time" ignored in schema at path "#/properties/data/properties/vehicle_models/items/properties/updated_at"
unknown format "date-time" ignored in schema at path "#/oneOf/0/properties/data/properties/vehicles/items/properties/created_at"
unknown format "date-time" ignored in schema at path "#/oneOf/0/properties/data/properties/vehicles/items/properties/created_at"
unknown format "date-time" ignored in schema at path "#/oneOf/0/properties/data/properties/vehicles/items/properties/updated_at"
unknown format "date-time" ignored in schema at path "#/oneOf/0/properties/data/properties/vehicles/items/properties/updated_at"
unknown format "date-time" ignored in schema at path "#/properties/data/properties/vehicles/items/properties/created_at"
unknown format "date-time" ignored in schema at path "#/properties/data/properties/vehicles/items/properties/created_at"
unknown format "date-time" ignored in schema at path "#/properties/data/properties/vehicles/items/properties/updated_at"
unknown format "date-time" ignored in schema at path "#/properties/data/properties/vehicles/items/properties/updated_at"
unknown format "date-time" ignored in schema at path "#/oneOf/0/properties/data/properties/vehicle/properties/created_at"
unknown format "date-time" ignored in schema at path "#/oneOf/0/properties/data/properties/vehicle/properties/created_at"
unknown format "date-time" ignored in schema at path "#/oneOf/0/properties/data/properties/vehicle/properties/updated_at"
unknown format "date-time" ignored in schema at path "#/oneOf/0/properties/data/properties/vehicle/properties/updated_at"
unknown format "date-time" ignored in schema at path "#/properties/data/properties/vehicle/properties/created_at"
unknown format "date-time" ignored in schema at path "#/properties/data/properties/vehicle/properties/created_at"
unknown format "date-time" ignored in schema at path "#/properties/data/properties/vehicle/properties/updated_at"
unknown format "date-time" ignored in schema at path "#/properties/data/properties/vehicle/properties/updated_at"
unknown format "date-time" ignored in schema at path "#/oneOf/0/properties/data/properties/created_at"
unknown format "date-time" ignored in schema at path "#/oneOf/0/properties/data/properties/created_at"
unknown format "date-time" ignored in schema at path "#/oneOf/0/properties/data/properties/updated_at"
unknown format "date-time" ignored in schema at path "#/oneOf/0/properties/data/properties/updated_at"
unknown format "date-time" ignored in schema at path "#/properties/data/properties/created_at"
unknown format "date-time" ignored in schema at path "#/properties/data/properties/created_at"
unknown format "date-time" ignored in schema at path "#/properties/data/properties/updated_at"
unknown format "date-time" ignored in schema at path "#/properties/data/properties/updated_at"
unknown format "date-time" ignored in schema at path "#/oneOf/0/properties/data/properties/addons_confirmation_time"
unknown format "date-time" ignored in schema at path "#/oneOf/0/properties/data/properties/addons_confirmation_time"
unknown format "date-time" ignored in schema at path "#/oneOf/0/properties/data/properties/updated_at"
unknown format "date-time" ignored in schema at path "#/oneOf/0/properties/data/properties/updated_at"
unknown format "date-time" ignored in schema at path "#/properties/data/properties/addons_confirmation_time"
unknown format "date-time" ignored in schema at path "#/properties/data/properties/addons_confirmation_time"
unknown format "date-time" ignored in schema at path "#/properties/data/properties/updated_at"
unknown format "date-time" ignored in schema at path "#/properties/data/properties/updated_at"
unknown format "date-time" ignored in schema at path "#/oneOf/0/properties/data/properties/wallet/properties/created_at"
unknown format "date-time" ignored in schema at path "#/oneOf/0/properties/data/properties/wallet/properties/created_at"
unknown format "date-time" ignored in schema at path "#/oneOf/0/properties/data/properties/wallet/properties/updated_at"
unknown format "date-time" ignored in schema at path "#/oneOf/0/properties/data/properties/wallet/properties/updated_at"
unknown format "date-time" ignored in schema at path "#/properties/data/properties/wallet/properties/created_at"
unknown format "date-time" ignored in schema at path "#/properties/data/properties/wallet/properties/created_at"
unknown format "date-time" ignored in schema at path "#/properties/data/properties/wallet/properties/updated_at"
unknown format "date-time" ignored in schema at path "#/properties/data/properties/wallet/properties/updated_at"
unknown format "date-time" ignored in schema at path "#/oneOf/0/properties/data/properties/transactions/items/properties/created_at"
unknown format "date-time" ignored in schema at path "#/oneOf/0/properties/data/properties/transactions/items/properties/created_at"
unknown format "date-time" ignored in schema at path "#/properties/data/properties/transactions/items/properties/created_at"
unknown format "date-time" ignored in schema at path "#/properties/data/properties/transactions/items/properties/created_at"
✅ 注册 handler: adminApproveStopPoint -> C:\Users\Administrator\Desktop\wuliu_project\backend\api\handlers\admin\adminApproveStopPoint.js
✅ 注册 handler: adminBatchApproveStopPoints -> C:\Users\Administrator\Desktop\wuliu_project\backend\api\handlers\admin\adminBatchApproveStopPoints.js
✅ 注册 handler: adminBatchImportStopPoints -> C:\Users\Administrator\Desktop\wuliu_project\backend\api\handlers\admin\adminBatchImportStopPoints.js
✅ 注册 handler: adminCreateStopPoint -> C:\Users\Administrator\Desktop\wuliu_project\backend\api\handlers\admin\adminCreateStopPoint.js
✅ 注册 handler: adminDeleteStopPoint -> C:\Users\Administrator\Desktop\wuliu_project\backend\api\handlers\admin\adminDeleteStopPoint.js
✅ 注册 handler: adminGetApprovalStats -> C:\Users\Administrator\Desktop\wuliu_project\backend\api\handlers\admin\adminGetApprovalStats.js
✅ 注册 handler: adminGetStopPoint -> C:\Users\Administrator\Desktop\wuliu_project\backend\api\handlers\admin\adminGetStopPoint.js
✅ 注册 handler: adminListPendingStopPoints -> C:\Users\Administrator\Desktop\wuliu_project\backend\api\handlers\admin\adminListPendingStopPoints.js
✅ 注册 handler: adminListStopPoints -> C:\Users\Administrator\Desktop\wuliu_project\backend\api\handlers\admin\adminListStopPoints.js
✅ 注册 handler: adminUpdateStopPoint -> C:\Users\Administrator\Desktop\wuliu_project\backend\api\handlers\admin\adminUpdateStopPoint.js
Trying to load db from: C:\Users\Administrator\Desktop\wuliu_project\backend\api\handlers\admin\auth
🚀 adminLogin.js handler function is executing!
✅ 注册 handler: adminLogin -> C:\Users\Administrator\Desktop\wuliu_project\backend\api\handlers\admin\auth\adminLogin.js
✅ 注册 handler: adminLogout -> C:\Users\Administrator\Desktop\wuliu_project\backend\api\handlers\admin\auth\adminLogout.js
✅ 注册 handler: getAdminProfile -> C:\Users\Administrator\Desktop\wuliu_project\backend\api\handlers\admin\auth\getAdminProfile.js
✅ 注册 handler: listAdminOrders -> C:\Users\Administrator\Desktop\wuliu_project\backend\api\handlers\admin\order\listAdminOrders.js
✅ 注册 handler: updateOrderStatus -> C:\Users\Administrator\Desktop\wuliu_project\backend\api\handlers\admin\order\updateOrderStatus.js
✅ 注册 handler: createPlatformPricingRule -> C:\Users\Administrator\Desktop\wuliu_project\backend\api\handlers\admin\pricing\createPlatformPricingRule.js
✅ 注册 handler: deletePlatformPricingRule -> C:\Users\Administrator\Desktop\wuliu_project\backend\api\handlers\admin\pricing\deletePlatformPricingRule.js
✅ 注册 handler: getPlatformPricingRule -> C:\Users\Administrator\Desktop\wuliu_project\backend\api\handlers\admin\pricing\getPlatformPricingRule.js
✅ 注册 handler: listPlatformPricingRules -> C:\Users\Administrator\Desktop\wuliu_project\backend\api\handlers\admin\pricing\listPlatformPricingRules.js
✅ 注册 handler: updatePlatformPricingRule -> C:\Users\Administrator\Desktop\wuliu_project\backend\api\handlers\admin\pricing\updatePlatformPricingRule.js
✅ 注册 handler: getOverviewStats -> C:\Users\Administrator\Desktop\wuliu_project\backend\api\handlers\admin\reports\getOverviewStats.js
✅ 注册 handler: addTenantVehicle -> C:\Users\Administrator\Desktop\wuliu_project\backend\api\handlers\admin\tenant-management\addTenantVehicle.js
✅ 注册 handler: getTenantById -> C:\Users\Administrator\Desktop\wuliu_project\backend\api\handlers\admin\tenant-management\getTenantById.js
✅ 注册 handler: listAllTenants -> C:\Users\Administrator\Desktop\wuliu_project\backend\api\handlers\admin\tenant-management\listAllTenants.js
✅ 注册 handler: updateTenantBasicInfo -> C:\Users\Administrator\Desktop\wuliu_project\backend\api\handlers\admin\tenant-management\updateTenantBasicInfo.js
✅ 注册 handler: updateTenantContactInfo -> C:\Users\Administrator\Desktop\wuliu_project\backend\api\handlers\admin\tenant-management\updateTenantContactInfo.js
✅ 注册 handler: updateTenantFinancialInfo -> C:\Users\Administrator\Desktop\wuliu_project\backend\api\handlers\admin\tenant-management\updateTenantFinancialInfo.js
✅ 注册 handler: approveTenant -> C:\Users\Administrator\Desktop\wuliu_project\backend\api\handlers\admin\tenants\approveTenant.js
✅ 注册 handler: listApprovedTenants -> C:\Users\Administrator\Desktop\wuliu_project\backend\api\handlers\admin\tenants\listApprovedTenants.js
✅ 注册 handler: listPendingTenants -> C:\Users\Administrator\Desktop\wuliu_project\backend\api\handlers\admin\tenants\listPendingTenants.js
✅ 注册 handler: listRejectedTenants -> C:\Users\Administrator\Desktop\wuliu_project\backend\api\handlers\admin\tenants\listRejectedTenants.js
✅ 注册 handler: rejectTenant -> C:\Users\Administrator\Desktop\wuliu_project\backend\api\handlers\admin\tenants\rejectTenant.js
✅ Loading createAdminUser handler...
DEBUG createAdminUser export type: function
✅ 注册 handler: createAdminUser -> C:\Users\Administrator\Desktop\wuliu_project\backend\api\handlers\admin\user\createAdminUser.js
✅ 注册 handler: adminListVehicleModels -> C:\Users\Administrator\Desktop\wuliu_project\backend\api\handlers\admin\vehicle-models\adminListVehicleModels.js
✅ 注册 handler: createVehicleModel -> C:\Users\Administrator\Desktop\wuliu_project\backend\api\handlers\admin\vehicle-models\createVehicleModel.js
✅ 注册 handler: deleteVehicleModel -> C:\Users\Administrator\Desktop\wuliu_project\backend\api\handlers\admin\vehicle-models\deleteVehicleModel.js
✅ 注册 handler: getVehicleModel -> C:\Users\Administrator\Desktop\wuliu_project\backend\api\handlers\admin\vehicle-models\getVehicleModel.js
✅ 注册 handler: updateVehicleModel -> C:\Users\Administrator\Desktop\wuliu_project\backend\api\handlers\admin\vehicle-models\updateVehicleModel.js
✅ 注册 handler: getVehicleById -> C:\Users\Administrator\Desktop\wuliu_project\backend\api\handlers\admin\vehicles\getVehicleById.js
✅ 注册 handler: listAllVehicles -> C:\Users\Administrator\Desktop\wuliu_project\backend\api\handlers\admin\vehicles\listAllVehicles.js
✅ 注册 handler: searchVehicles -> C:\Users\Administrator\Desktop\wuliu_project\backend\api\handlers\admin\vehicles\searchVehicles.js
✅ 注册 handler: addOrderAddons -> C:\Users\Administrator\Desktop\wuliu_project\backend\api\handlers\carrier\order\addOrderAddons.js
✅ 注册 handler: claimCarrierOrder -> C:\Users\Administrator\Desktop\wuliu_project\backend\api\handlers\carrier\order\claimCarrierOrder.js
✅ 注册 handler: completeCarrierOrder -> C:\Users\Administrator\Desktop\wuliu_project\backend\api\handlers\carrier\order\completeCarrierOrder.js
✅ 注册 handler: listCarrierOrders -> C:\Users\Administrator\Desktop\wuliu_project\backend\api\handlers\carrier\order\listCarrierOrders.js
✅ 注册 handler: startDelivery -> C:\Users\Administrator\Desktop\wuliu_project\backend\api\handlers\carrier\order\startDelivery.js
✅ 注册 handler: submitCarrierQuote -> C:\Users\Administrator\Desktop\wuliu_project\backend\api\handlers\carrier\order\submitCarrierQuote.js
✅ 注册 handler: createCarrierPricingConfig -> C:\Users\Administrator\Desktop\wuliu_project\backend\api\handlers\carrier\pricing\createCarrierPricingConfig.js
✅ 注册 handler: deleteCarrierPricingConfig -> C:\Users\Administrator\Desktop\wuliu_project\backend\api\handlers\carrier\pricing\deleteCarrierPricingConfig.js
✅ 注册 handler: getCarrierPricingConfig -> C:\Users\Administrator\Desktop\wuliu_project\backend\api\handlers\carrier\pricing\getCarrierPricingConfig.js
✅ 注册 handler: listCarrierPricingConfigs -> C:\Users\Administrator\Desktop\wuliu_project\backend\api\handlers\carrier\pricing\listCarrierPricingConfigs.js
✅ 注册 handler: updateCarrierPricingConfig -> C:\Users\Administrator\Desktop\wuliu_project\backend\api\handlers\carrier\pricing\updateCarrierPricingConfig.js
✅ 注册 handler: awardOrderToCarrier -> C:\Users\Administrator\Desktop\wuliu_project\backend\api\handlers\customer\order\awardOrderToCarrier.js
✅ 注册 handler: bindOrderToCustomer -> C:\Users\Administrator\Desktop\wuliu_project\backend\api\handlers\customer\order\bindOrderToCustomer.js
✅ 注册 handler: confirmOrderAddons -> C:\Users\Administrator\Desktop\wuliu_project\backend\api\handlers\customer\order\confirmOrderAddons.js
✅ 注册 handler: createCustomerOrder -> C:\Users\Administrator\Desktop\wuliu_project\backend\api\handlers\customer\order\createCustomerOrder.js
✅ 注册 handler: deleteCustomerOrder -> C:\Users\Administrator\Desktop\wuliu_project\backend\api\handlers\customer\order\deleteCustomerOrder.js
✅ 注册 handler: getCustomerOrder -> C:\Users\Administrator\Desktop\wuliu_project\backend\api\handlers\customer\order\getCustomerOrder.js
✅ 注册 handler: getOrderQuotes -> C:\Users\Administrator\Desktop\wuliu_project\backend\api\handlers\customer\order\getOrderQuotes.js
✅ 注册 handler: listCustomerOrders -> C:\Users\Administrator\Desktop\wuliu_project\backend\api\handlers\customer\order\listCustomerOrders.js
✅ 注册 handler: updateCustomerOrder -> C:\Users\Administrator\Desktop\wuliu_project\backend\api\handlers\customer\order\updateCustomerOrder.js
✅ 注册 handler: healthCheck -> C:\Users\Administrator\Desktop\wuliu_project\backend\api\handlers\healthCheck.js
✅ 注册 handler: avRouteAdjust -> C:\Users\Administrator\Desktop\wuliu_project\backend\api\handlers\map\avRouteAdjust.js
✅ 注册 handler: avRouteCalculate -> C:\Users\Administrator\Desktop\wuliu_project\backend\api\handlers\map\avRouteCalculate.js
✅ 注册 handler: avRouteDetails -> C:\Users\Administrator\Desktop\wuliu_project\backend\api\handlers\map\avRouteDetails.js
✅ 注册 handler: avRouteMultiPoint -> C:\Users\Administrator\Desktop\wuliu_project\backend\api\handlers\map\avRouteMultiPoint.js
✅ 注册 handler: currentPosition -> C:\Users\Administrator\Desktop\wuliu_project\backend\api\handlers\map\currentPosition.js
✅ 注册 handler: distance -> C:\Users\Administrator\Desktop\wuliu_project\backend\api\handlers\map\distance.js
✅ 注册 handler: geocode -> C:\Users\Administrator\Desktop\wuliu_project\backend\api\handlers\map\geocode.js
✅ 注册 handler: history -> C:\Users\Administrator\Desktop\wuliu_project\backend\api\handlers\map\history.js
✅ 注册 handler: onlineStatus -> C:\Users\Administrator\Desktop\wuliu_project\backend\api\handlers\map\onlineStatus.js
✅ 注册 handler: poi -> C:\Users\Administrator\Desktop\wuliu_project\backend\api\handlers\map\poi.js
✅ 注册 handler: positionUpdate -> C:\Users\Administrator\Desktop\wuliu_project\backend\api\handlers\map\positionUpdate.js
✅ 注册 handler: reverseGeocode -> C:\Users\Administrator\Desktop\wuliu_project\backend\api\handlers\map\reverseGeocode.js
✅ 注册 handler: route -> C:\Users\Administrator\Desktop\wuliu_project\backend\api\handlers\map\route.js
✅ 注册 handler: stopPoints -> C:\Users\Administrator\Desktop\wuliu_project\backend\api\handlers\map\stopPoints.js
✅ 注册 handler: createPublicOrder -> C:\Users\Administrator\Desktop\wuliu_project\backend\api\handlers\public\createPublicOrder.js
✅ 注册 handler: fetchPublicOrder -> C:\Users\Administrator\Desktop\wuliu_project\backend\api\handlers\public\fetchPublicOrder.js
✅ 注册 handler: getOrderQuote -> C:\Users\Administrator\Desktop\wuliu_project\backend\api\handlers\public\getOrderQuote.js
✅ 注册 handler: processSettlement -> C:\Users\Administrator\Desktop\wuliu_project\backend\api\handlers\settlement\processSettlement.js
✅ 注册 handler: createFirstAdmin -> C:\Users\Administrator\Desktop\wuliu_project\backend\api\handlers\setup\createFirstAdmin.js
✅ 注册 handler: getSetupStatus -> C:\Users\Administrator\Desktop\wuliu_project\backend\api\handlers\setup\getSetupStatus.js
✅ 注册 handler: applyPcTenant -> C:\Users\Administrator\Desktop\wuliu_project\backend\api\handlers\tenant\applyPcTenant.js
✅ 注册 handler: getTenantProfile -> C:\Users\Administrator\Desktop\wuliu_project\backend\api\handlers\tenant\getTenantProfile.js
✅ 注册 handler: getTenantRoles -> C:\Users\Administrator\Desktop\wuliu_project\backend\api\handlers\tenant\getTenantRoles.js
✅ 注册 handler: loginTenantWeb -> C:\Users\Administrator\Desktop\wuliu_project\backend\api\handlers\tenant\loginTenantWeb.js
### DEBUG: Loading CORRECTED registerTenantWeb.js - Handling customer vs carrier registration ###
✅ 注册 handler: registerTenantWeb -> C:\Users\Administrator\Desktop\wuliu_project\backend\api\handlers\tenant\registerTenantWeb.js
✅ 注册 handler: tenantBatchUploadStopPoints -> C:\Users\Administrator\Desktop\wuliu_project\backend\api\handlers\tenant\tenantBatchUploadStopPoints.js
✅ 注册 handler: tenantDeleteMyStopPoint -> C:\Users\Administrator\Desktop\wuliu_project\backend\api\handlers\tenant\tenantDeleteMyStopPoint.js
✅ 注册 handler: tenantGetMyStopPoint -> C:\Users\Administrator\Desktop\wuliu_project\backend\api\handlers\tenant\tenantGetMyStopPoint.js
✅ 注册 handler: tenantListMyStopPoints -> C:\Users\Administrator\Desktop\wuliu_project\backend\api\handlers\tenant\tenantListMyStopPoints.js
✅ 注册 handler: tenantUpdateMyStopPoint -> C:\Users\Administrator\Desktop\wuliu_project\backend\api\handlers\tenant\tenantUpdateMyStopPoint.js
✅ 注册 handler: tenantUploadStopPoint -> C:\Users\Administrator\Desktop\wuliu_project\backend\api\handlers\tenant\tenantUploadStopPoint.js
✅ 注册 handler: listAvailableVehicleModels -> C:\Users\Administrator\Desktop\wuliu_project\backend\api\handlers\tenant-web\listAvailableVehicleModels.js
✅ 注册 handler: claimOrder -> C:\Users\Administrator\Desktop\wuliu_project\backend\api\handlers\tenant-web\order\claimOrder.js
✅ 注册 handler: listPendingOrders -> C:\Users\Administrator\Desktop\wuliu_project\backend\api\handlers\tenant-web\order\listPendingOrders.js
✅ 注册 handler: listCarrierQuotes -> C:\Users\Administrator\Desktop\wuliu_project\backend\api\handlers\tenant-web\quotes\listCarrierQuotes.js
✅ 注册 handler: listAvailableVehicleModels -> C:\Users\Administrator\Desktop\wuliu_project\backend\api\handlers\tenant-web\vehicle-models\listAvailableVehicleModels.js
✅ 注册 handler: addTenantVehicleWithModel -> C:\Users\Administrator\Desktop\wuliu_project\backend\api\handlers\tenant-web\vehicles\addTenantVehicleWithModel.js
✅ 注册 handler: deleteTenantVehicle -> C:\Users\Administrator\Desktop\wuliu_project\backend\api\handlers\tenant-web\vehicles\deleteTenantVehicle.js
✅ 注册 handler: getTenantVehicleById -> C:\Users\Administrator\Desktop\wuliu_project\backend\api\handlers\tenant-web\vehicles\getTenantVehicleById.js
✅ 注册 handler: listTenantVehicles -> C:\Users\Administrator\Desktop\wuliu_project\backend\api\handlers\tenant-web\vehicles\listTenantVehicles.js
✅ 注册 handler: updateTenantVehicle -> C:\Users\Administrator\Desktop\wuliu_project\backend\api\handlers\tenant-web\vehicles\updateTenantVehicle.js
✅ 注册 handler: getAutonomousLevels -> C:\Users\Administrator\Desktop\wuliu_project\backend\api\handlers\vehicle-models\getAutonomousLevels.js
✅ 注册 handler: getVehicleTypes -> C:\Users\Administrator\Desktop\wuliu_project\backend\api\handlers\vehicle-models\getVehicleTypes.js
✅ 注册 handler: getCurrentUserWallet -> C:\Users\Administrator\Desktop\wuliu_project\backend\api\handlers\wallet\getCurrentUserWallet.js
✅ 注册 handler: getWalletTransactions -> C:\Users\Administrator\Desktop\wuliu_project\backend\api\handlers\wallet\getWalletTransactions.js

📋 已注册的 Handler:
   总 handler 数量：108
   StopPoint 相关 handler: adminApproveStopPoint, adminBatchApproveStopPoints, adminBatchImportStopPoints, adminCreateStopPoint, adminDeleteStopPoint, adminGetStopPoint, adminListPendingStopPoints, adminListStopPoints, adminUpdateStopPoint, stopPoints, tenantBatchUploadStopPoints, tenantDeleteMyStopPoint, tenantGetMyStopPoint, tenantListMyStopPoints, tenantUpdateMyStopPoint, tenantUploadStopPoint
--- DEBUG: OpenAPI Document Loaded ---
All Paths in Document:
  Path: /api/admin/tenants
  Path: /api/admin/tenants/{id}
  Path: /api/admin/reports/overview-stats
  Path: /api/admin/tenants/approved
  Path: /api/admin/tenants/rejected
  Path: /api/admin/tenants/{id}/financial
  Path: /api/admin/tenants/{id}/contact
  Path: /api/admin/vehicles
    -> Method: POST
       OperationId: addVehicle
       Has Parameters: false
  Path: /api/admin/vehicle-models
    -> Method: POST
       OperationId: createVehicleModel
       Has Parameters: false
  Path: /api/admin/vehicle-models/{id}
  Path: /api/admin/vehicles/search
  Path: /api/admin/vehicles/{id}
  Path: /api/admin/tenants/{id}/vehicles
    -> Method: POST
       OperationId: addTenantVehicle
       Has Parameters: true
       Parameters: [ 'id(required) [path]' ]
  Path: /api/health
  Path: /api/customer/order/bind
    -> Method: POST
       OperationId: bindOrderToCustomer
       Has Parameters: false
  Path: /api/customer/orders
    -> Method: POST
       OperationId: createCustomerOrder
       Has Parameters: false
  Path: /api/customer/orders/{order_id}
  Path: /api/customer/orders/{order_id}/quotes
  Path: /api/setup/status
  Path: /api/setup/admin
    -> Method: POST
       OperationId: createFirstAdmin
       Has Parameters: false
  Path: /api/auth/ping
  Path: /api/admin/login
    -> Method: POST
       OperationId: adminLogin
       Has Parameters: false
  Path: /api/admin/logout
    -> Method: POST
       OperationId: adminLogout
       Has Parameters: false
  Path: /api/admin/profile
  Path: /api/admin/users
    -> Method: POST
       OperationId: createAdminUser
       Has Parameters: false
  Path: /api/admin/tenants/pending
  Path: /api/admin/tenants/{id}/approve
  Path: /api/admin/tenants/{id}/reject
  Path: /api/admin/orders
  Path: /api/admin/orders/{id}/status
  Path: /api/public/orders/{id}
  Path: /api/public/orders
    -> Method: POST
       OperationId: createPublicOrder
       Has Parameters: false
  Path: /api/carrier/orders
  Path: /api/carrier/orders/{order_id}/claim
  Path: /api/carrier/orders/{order_id}/complete
  Path: /api/carrier/orders/{order_id}/start-delivery
  Path: /api/carrier/orders/{order_id}/quote
    -> Method: POST
       OperationId: submitCarrierQuote
       Has Parameters: true
       Parameters: [ 'order_id(required) [path]' ]
  Path: /api/customer/orders/{order_id}/award
    -> Method: POST
       OperationId: awardOrderToCarrier
       Has Parameters: true
       Parameters: [ 'order_id(required) [path]' ]
  Path: /api/tenant-web/register
    -> Method: POST
       OperationId: registerTenantWeb
       Has Parameters: false
  Path: /api/tenant-web/login
    -> Method: POST
       OperationId: loginTenantWeb
       Has Parameters: false
  Path: /api/tenant-web/profile
    -> Method: POST
       OperationId: createTenantOrder
       Has Parameters: false
  Path: /api/tenant-web/profile/roles
  Path: /api/pc-tenant/apply
    -> Method: POST
       OperationId: applyPcTenant
       Has Parameters: false
  Path: /api/tenant-web/orders/pending
  Path: /api/tenant-web/orders/{order_id}/claim
  Path: /api/tenant-web/orders/{order_id}/complete
  Path: /api/tenant-web/logout
    -> Method: POST
       OperationId: logoutTenant
       Has Parameters: false
  Path: /api/matching/search-carriers
    -> Method: POST
       OperationId: searchMatchingCarriers
       Has Parameters: false
  Path: /api/matching/get-quote-suggestions
  Path: /api/carrier/quotes
  Path: /api/admin/pricing-rules
    -> Method: POST
       OperationId: createPlatformPricingRule
       Has Parameters: false
  Path: /api/admin/pricing-rules/{id}
  Path: /api/carrier/pricing-configs
    -> Method: POST
       OperationId: createCarrierPricingConfig
       Has Parameters: false
  Path: /api/carrier/pricing-configs/{id}
  Path: /api/order/quote
    -> Method: POST
       OperationId: getOrderQuote
       Has Parameters: false
  Path: /api/order/{id}/add-ons
    -> Method: POST
       OperationId: addOrderAddons
       Has Parameters: true
       Parameters: [ 'id(required) [path]' ]
  Path: /api/map/geocode
  Path: /api/map/reverse-geocode
  Path: /api/map/route
  Path: /api/map/distance
  Path: /api/map/poi
  Path: /api/map/stop-points
  Path: /api/admin/stop-points
    -> Method: POST
       OperationId: adminCreateStopPoint
       Has Parameters: false
  Path: /api/admin/stop-points/{id}
  Path: /api/admin/stop-points/batch-import
    -> Method: POST
       OperationId: adminBatchImportStopPoints
       Has Parameters: false
  Path: /api/admin/stop-points/pending
  Path: /api/admin/stop-points/{id}/approve
    -> Method: POST
       OperationId: adminApproveStopPoint
       Has Parameters: true
       Parameters: [ 'id(required) [path]' ]
  Path: /api/admin/stop-points/batch-approve
    -> Method: POST
       OperationId: adminBatchApproveStopPoints
       Has Parameters: false
  Path: /api/admin/stop-points/stats
  Path: /api/tenant/stop-points
    -> Method: POST
       OperationId: tenantUploadStopPoint
       Has Parameters: false
  Path: /api/tenant/stop-points/batch-upload
    -> Method: POST
       OperationId: tenantBatchUploadStopPoints
       Has Parameters: false
  Path: /api/tenant/stop-points/{id}
  Path: /api/av-route/calculate
    -> Method: POST
       OperationId: avRouteCalculate
       Has Parameters: false
  Path: /api/av-route/multi-point
    -> Method: POST
       OperationId: avRouteMultiPoint
       Has Parameters: false
  Path: /api/av-route/details/{routeId}
  Path: /api/av-route/adjust
    -> Method: POST
       OperationId: avRouteAdjust
       Has Parameters: false
  Path: /api/tracking/position-update
    -> Method: POST
       OperationId: positionUpdate
       Has Parameters: false
  Path: /api/tracking/current-position/{vehicleId}
  Path: /api/tracking/history/{vehicleId}
  Path: /api/tracking/online-status/{vehicleId}
  Path: /api/tenant-web/vehicle-models
  Path: /api/tenant-web/vehicles
    -> Method: POST
       OperationId: addTenantVehicleWithModel
       Has Parameters: false
  Path: /api/tenant-web/vehicles/{id}
  Path: /api/vehicle-models/autonomous-levels
  Path: /api/vehicle-models/types
  Path: /api/settlement/process
    -> Method: POST
       OperationId: processSettlement
       Has Parameters: false
  Path: /api/order/{id}/add-ons/confirm
  Path: /api/wallet/current
  Path: /api/wallet/{wallet_id}/transactions
--- END DEBUG ---
🔧 OpenAPI中间件初始化完成

📋 已注册的 OpenAPI 路径:
 GET /api/admin/tenants -> listAllTenants
 GET /api/admin/tenants/{id} -> getTenantById
 PUT /api/admin/tenants/{id} -> updateTenantBasicInfo
 GET /api/admin/reports/overview-stats -> getOverviewStats
 GET /api/admin/tenants/approved -> listApprovedTenants
 GET /api/admin/tenants/rejected -> listRejectedTenants
 PUT /api/admin/tenants/{id}/financial -> updateTenantFinancialInfo
 PUT /api/admin/tenants/{id}/contact -> updateTenantContactInfo
 GET /api/admin/vehicles -> listAllVehicles
 POST /api/admin/vehicles -> addVehicle
 GET /api/admin/vehicle-models -> adminListVehicleModels
 POST /api/admin/vehicle-models -> createVehicleModel
 GET /api/admin/vehicle-models/{id} -> getVehicleModel
 PUT /api/admin/vehicle-models/{id} -> updateVehicleModel
 DELETE /api/admin/vehicle-models/{id} -> deleteVehicleModel
 GET /api/admin/vehicles/search -> searchVehicles
 GET /api/admin/vehicles/{id} -> getVehicleById
 POST /api/admin/tenants/{id}/vehicles -> addTenantVehicle
 GET /api/health -> healthCheck
 POST /api/customer/order/bind -> bindOrderToCustomer
 POST /api/customer/orders -> createCustomerOrder
 GET /api/customer/orders -> listCustomerOrders
 GET /api/customer/orders/{order_id} -> getCustomerOrder
 PUT /api/customer/orders/{order_id} -> updateCustomerOrder
 DELETE /api/customer/orders/{order_id} -> deleteCustomerOrder
 GET /api/customer/orders/{order_id}/quotes -> getOrderQuotes
 GET /api/setup/status -> getSetupStatus
 POST /api/setup/admin -> createFirstAdmin
 GET /api/auth/ping -> authPing
 POST /api/admin/login -> adminLogin
 POST /api/admin/logout -> adminLogout
 GET /api/admin/profile -> getAdminProfile
 POST /api/admin/users -> createAdminUser
 GET /api/admin/tenants/pending -> listPendingTenants
 PUT /api/admin/tenants/{id}/approve -> approveTenant
 PUT /api/admin/tenants/{id}/reject -> rejectTenant
 GET /api/admin/orders -> listAdminOrders
 PUT /api/admin/orders/{id}/status -> updateOrderStatus
 GET /api/public/orders/{id} -> fetchPublicOrder
 POST /api/public/orders -> createPublicOrder
 GET /api/carrier/orders -> listCarrierOrders
 PUT /api/carrier/orders/{order_id}/claim -> claimCarrierOrder
 PUT /api/carrier/orders/{order_id}/complete -> completeCarrierOrder
 PUT /api/carrier/orders/{order_id}/start-delivery -> startDelivery
 POST /api/carrier/orders/{order_id}/quote -> submitCarrierQuote
 POST /api/customer/orders/{order_id}/award -> awardOrderToCarrier
 POST /api/tenant-web/register -> registerTenantWeb
 POST /api/tenant-web/login -> loginTenantWeb
 GET /api/tenant-web/profile -> getTenantProfile
 PUT /api/tenant-web/profile -> updateTenantProfile
 POST /api/tenant-web/profile -> createTenantOrder
 GET /api/tenant-web/profile/roles -> getTenantRoles
 POST /api/pc-tenant/apply -> applyPcTenant
 GET /api/tenant-web/orders/pending -> listPendingOrders
 PUT /api/tenant-web/orders/{order_id}/claim -> claimOrder
 PUT /api/tenant-web/orders/{order_id}/complete -> completeOrder
 POST /api/tenant-web/logout -> logoutTenant
 POST /api/matching/search-carriers -> searchMatchingCarriers
 GET /api/matching/get-quote-suggestions -> getQuoteSuggestions
 GET /api/carrier/quotes -> listCarrierQuotes
 GET /api/admin/pricing-rules -> listPlatformPricingRules
 POST /api/admin/pricing-rules -> createPlatformPricingRule
 GET /api/admin/pricing-rules/{id} -> getPlatformPricingRule
 PUT /api/admin/pricing-rules/{id} -> updatePlatformPricingRule
 DELETE /api/admin/pricing-rules/{id} -> deletePlatformPricingRule
 GET /api/carrier/pricing-configs -> listCarrierPricingConfigs
 POST /api/carrier/pricing-configs -> createCarrierPricingConfig
 GET /api/carrier/pricing-configs/{id} -> getCarrierPricingConfig
 PUT /api/carrier/pricing-configs/{id} -> updateCarrierPricingConfig
 DELETE /api/carrier/pricing-configs/{id} -> deleteCarrierPricingConfig
 POST /api/order/quote -> getOrderQuote
 POST /api/order/{id}/add-ons -> addOrderAddons
 GET /api/map/geocode -> geocode
 GET /api/map/reverse-geocode -> reverseGeocode
 GET /api/map/route -> route
 GET /api/map/distance -> distance
 GET /api/map/poi -> poi
 GET /api/map/stop-points -> stopPoints
 GET /api/admin/stop-points -> adminListStopPoints
 POST /api/admin/stop-points -> adminCreateStopPoint
 GET /api/admin/stop-points/{id} -> adminGetStopPoint
 PUT /api/admin/stop-points/{id} -> adminUpdateStopPoint
 DELETE /api/admin/stop-points/{id} -> adminDeleteStopPoint
 POST /api/admin/stop-points/batch-import -> adminBatchImportStopPoints
 GET /api/admin/stop-points/pending -> adminListPendingStopPoints
 POST /api/admin/stop-points/{id}/approve -> adminApproveStopPoint
 POST /api/admin/stop-points/batch-approve -> adminBatchApproveStopPoints
 GET /api/admin/stop-points/stats -> adminGetApprovalStats
 GET /api/tenant/stop-points -> tenantListMyStopPoints
 POST /api/tenant/stop-points -> tenantUploadStopPoint
 POST /api/tenant/stop-points/batch-upload -> tenantBatchUploadStopPoints
 GET /api/tenant/stop-points/{id} -> tenantGetMyStopPoint
 PUT /api/tenant/stop-points/{id} -> tenantUpdateMyStopPoint
 DELETE /api/tenant/stop-points/{id} -> tenantDeleteMyStopPoint
 POST /api/av-route/calculate -> avRouteCalculate
 POST /api/av-route/multi-point -> avRouteMultiPoint
 GET /api/av-route/details/{routeId} -> avRouteDetails
 POST /api/av-route/adjust -> avRouteAdjust
 POST /api/tracking/position-update -> positionUpdate
 GET /api/tracking/current-position/{vehicleId} -> currentPosition
 GET /api/tracking/history/{vehicleId} -> history
 GET /api/tracking/online-status/{vehicleId} -> onlineStatus
 GET /api/tenant-web/vehicle-models -> listAvailableVehicleModels
 POST /api/tenant-web/vehicles -> addTenantVehicleWithModel
 GET /api/tenant-web/vehicles -> listTenantVehicles
 GET /api/tenant-web/vehicles/{id} -> getTenantVehicleById
 PUT /api/tenant-web/vehicles/{id} -> updateTenantVehicle
 DELETE /api/tenant-web/vehicles/{id} -> deleteTenantVehicle
 GET /api/vehicle-models/autonomous-levels -> getAutonomousLevels
 GET /api/vehicle-models/types -> getVehicleTypes
 POST /api/settlement/process -> processSettlement
 PATCH /api/order/{id}/add-ons/confirm -> confirmOrderAddons
 GET /api/wallet/current -> getCurrentUserWallet
 GET /api/wallet/{wallet_id}/transactions -> getWalletTransactions
✅ 配置加载成功: 【沈阳战旗】数孪智运无人物流SaaS平台 API
node:events:486
      throw er; // Unhandled 'error' event
      ^

Error: listen EADDRINUSE: address already in use :::3000
    at Server.setupListenHandle [as _listen2] (node:net:1940:16)
    at listenInCluster (node:net:1997:12)
    at Server.listen (node:net:2102:7)
    at app.listen (C:\Users\Administrator\Desktop\wuliu_project\backend\node_modules\express\lib\application.js:635:24)
    at startServer (C:\Users\Administrator\Desktop\wuliu_project\backend\server.js:88:9)
Emitted 'error' event on Server instance at:
    at emitErrorNT (node:net:1976:8)
    at process.processTicksAndRejections (node:internal/process/task_queues:89:21) {
  code: 'EADDRINUSE',
  errno: -4091,
  syscall: 'listen',
  address: '::',
  port: 3000
}

Node.js v24.13.0
